<?xml version="1.0" encoding="UTF-8"?>
<testng-results skipped="0" failed="0" ignored="0" total="1" passed="1">
  <reporter-output>
  </reporter-output>
  <suite name="Default suite" duration-ms="79" started-at="2020-10-19T13:46:46 IST" finished-at="2020-10-19T13:46:46 IST">
    <groups>
    </groups>
    <test name="Default test" duration-ms="79" started-at="2020-10-19T13:46:46 IST" finished-at="2020-10-19T13:46:46 IST">
      <class name="com.autodesk.crm.conatcttest.ContactTest">
        <test-method status="PASS" signature="createContactTest()[pri:0, instance:com.autodesk.crm.conatcttest.ContactTest@887af79]" name="createContactTest" duration-ms="16" started-at="2020-10-19T13:46:46 IST" finished-at="2020-10-19T13:46:46 IST">
          <reporter-output>
          </reporter-output>
        </test-method> <!-- createContactTest -->
      </class> <!-- com.autodesk.crm.conatcttest.ContactTest -->
    </test> <!-- Default test -->
  </suite> <!-- Default suite -->
</testng-results>
